2022-10-22 19:19:01 Debug: duration=2 rows=1 SHOW TABLES FROM `cursoext`
2022-10-22 19:19:13 Debug: duration=1 rows=1 SHOW TABLES FROM `cursoext`
2022-10-22 19:19:13 Debug: duration=2 rows=7 SHOW FULL COLUMNS FROM `clientes`
2022-10-22 19:19:13 Debug: duration=1 rows=1 SHOW INDEXES FROM `clientes`
2022-10-22 19:19:13 Debug: duration=7 rows=0 SELECT * FROM information_schema.key_column_usage AS kcu
            INNER JOIN information_schema.referential_constraints AS rc
            ON (
                kcu.CONSTRAINT_NAME = rc.CONSTRAINT_NAME
                AND kcu.CONSTRAINT_SCHEMA = rc.CONSTRAINT_SCHEMA
            )
            WHERE kcu.TABLE_SCHEMA = 'cursoext' AND kcu.TABLE_NAME = 'clientes' AND rc.TABLE_NAME = 'clientes'
2022-10-22 19:19:13 Debug: duration=0 rows=1 SHOW TABLE STATUS WHERE Name = 'clientes'
2022-10-22 19:19:13 Debug: duration=2 rows=7 SHOW FULL COLUMNS FROM `clientes`
2022-10-22 19:19:13 Debug: duration=1 rows=1 SHOW INDEXES FROM `clientes`
2022-10-22 19:19:13 Debug: duration=1 rows=0 SELECT * FROM information_schema.key_column_usage AS kcu
            INNER JOIN information_schema.referential_constraints AS rc
            ON (
                kcu.CONSTRAINT_NAME = rc.CONSTRAINT_NAME
                AND kcu.CONSTRAINT_SCHEMA = rc.CONSTRAINT_SCHEMA
            )
            WHERE kcu.TABLE_SCHEMA = 'cursoext' AND kcu.TABLE_NAME = 'clientes' AND rc.TABLE_NAME = 'clientes'
2022-10-22 19:19:13 Debug: duration=0 rows=1 SHOW TABLE STATUS WHERE Name = 'clientes'
2022-10-22 19:19:42 Debug: duration=3 rows=7 SHOW FULL COLUMNS FROM `clientes`
2022-10-22 19:19:42 Debug: duration=1 rows=1 SHOW INDEXES FROM `clientes`
2022-10-22 19:19:42 Debug: duration=1 rows=0 SELECT * FROM information_schema.key_column_usage AS kcu
            INNER JOIN information_schema.referential_constraints AS rc
            ON (
                kcu.CONSTRAINT_NAME = rc.CONSTRAINT_NAME
                AND kcu.CONSTRAINT_SCHEMA = rc.CONSTRAINT_SCHEMA
            )
            WHERE kcu.TABLE_SCHEMA = 'cursoext' AND kcu.TABLE_NAME = 'clientes' AND rc.TABLE_NAME = 'clientes'
2022-10-22 19:19:42 Debug: duration=0 rows=1 SHOW TABLE STATUS WHERE Name = 'clientes'
2022-10-22 19:19:42 Debug: duration=0 rows=0 SELECT Clientes.idClientes AS `Clientes__idClientes`, Clientes.username AS `Clientes__username`, Clientes.password AS `Clientes__password`, Clientes.email AS `Clientes__email`, Clientes.phone AS `Clientes__phone`, Clientes.created AS `Clientes__created`, Clientes.modified AS `Clientes__modified` FROM clientes Clientes LIMIT 20 OFFSET 0
2022-10-22 19:19:42 Debug: duration=0 rows=1 SELECT (COUNT(*)) AS `count` FROM clientes Clientes
2022-10-22 19:19:45 Debug: duration=0 rows=0 SELECT Clientes.idClientes AS `Clientes__idClientes`, Clientes.username AS `Clientes__username`, Clientes.password AS `Clientes__password`, Clientes.email AS `Clientes__email`, Clientes.phone AS `Clientes__phone`, Clientes.created AS `Clientes__created`, Clientes.modified AS `Clientes__modified` FROM clientes Clientes ORDER BY Clientes.idClientes asc LIMIT 20 OFFSET 0
2022-10-22 19:19:45 Debug: duration=0 rows=1 SELECT (COUNT(*)) AS `count` FROM clientes Clientes
2022-10-22 19:21:00 Debug: duration=0 rows=0 BEGIN
2022-10-22 19:21:00 Debug: duration=0 rows=0 SELECT 1 AS `existing` FROM clientes Clientes WHERE Clientes.username = 'Cano' LIMIT 1
2022-10-22 19:21:00 Debug: duration=0 rows=0 SELECT 1 AS `existing` FROM clientes Clientes WHERE Clientes.email = 'cano@cano.com' LIMIT 1
2022-10-22 19:21:00 Debug: duration=1 rows=1 INSERT INTO clientes (username, password, email, phone, created, modified) VALUES ('Cano', '9630', 'cano@cano.com', '32323232', '2022-10-22 19:21:00', '2022-10-22 19:21:00')
2022-10-22 19:21:00 Debug: duration=0 rows=0 COMMIT
2022-10-22 19:21:01 Debug: duration=0 rows=1 SELECT Clientes.idClientes AS `Clientes__idClientes`, Clientes.username AS `Clientes__username`, Clientes.password AS `Clientes__password`, Clientes.email AS `Clientes__email`, Clientes.phone AS `Clientes__phone`, Clientes.created AS `Clientes__created`, Clientes.modified AS `Clientes__modified` FROM clientes Clientes LIMIT 20 OFFSET 0
2022-10-22 19:21:01 Debug: duration=0 rows=1 SELECT (COUNT(*)) AS `count` FROM clientes Clientes
2022-10-22 19:21:21 Debug: duration=1 rows=1 SELECT Clientes.idClientes AS `Clientes__idClientes`, Clientes.username AS `Clientes__username`, Clientes.password AS `Clientes__password`, Clientes.email AS `Clientes__email`, Clientes.phone AS `Clientes__phone`, Clientes.created AS `Clientes__created`, Clientes.modified AS `Clientes__modified` FROM clientes Clientes WHERE Clientes.idClientes = 1 LIMIT 1
2022-10-22 19:21:27 Debug: duration=0 rows=1 SELECT Clientes.idClientes AS `Clientes__idClientes`, Clientes.username AS `Clientes__username`, Clientes.password AS `Clientes__password`, Clientes.email AS `Clientes__email`, Clientes.phone AS `Clientes__phone`, Clientes.created AS `Clientes__created`, Clientes.modified AS `Clientes__modified` FROM clientes Clientes WHERE Clientes.idClientes = 1 LIMIT 1
2022-10-22 19:21:27 Debug: duration=0 rows=0 BEGIN
2022-10-22 19:21:27 Debug: duration=2 rows=1 DELETE FROM clientes WHERE idClientes = 1
2022-10-22 19:21:27 Debug: duration=0 rows=0 COMMIT
2022-10-22 19:21:27 Debug: duration=1 rows=0 SELECT Clientes.idClientes AS `Clientes__idClientes`, Clientes.username AS `Clientes__username`, Clientes.password AS `Clientes__password`, Clientes.email AS `Clientes__email`, Clientes.phone AS `Clientes__phone`, Clientes.created AS `Clientes__created`, Clientes.modified AS `Clientes__modified` FROM clientes Clientes LIMIT 20 OFFSET 0
2022-10-22 19:21:27 Debug: duration=0 rows=1 SELECT (COUNT(*)) AS `count` FROM clientes Clientes
2022-10-22 19:34:30 Debug: duration=8 rows=7 SHOW FULL COLUMNS FROM `clientes`
2022-10-22 19:34:30 Debug: duration=1 rows=1 SHOW INDEXES FROM `clientes`
2022-10-22 19:34:30 Debug: duration=1 rows=0 SELECT * FROM information_schema.key_column_usage AS kcu
            INNER JOIN information_schema.referential_constraints AS rc
            ON (
                kcu.CONSTRAINT_NAME = rc.CONSTRAINT_NAME
                AND kcu.CONSTRAINT_SCHEMA = rc.CONSTRAINT_SCHEMA
            )
            WHERE kcu.TABLE_SCHEMA = 'cursoext' AND kcu.TABLE_NAME = 'clientes' AND rc.TABLE_NAME = 'clientes'
2022-10-22 19:34:30 Debug: duration=0 rows=1 SHOW TABLE STATUS WHERE Name = 'clientes'
2022-10-22 19:34:30 Debug: duration=0 rows=0 SELECT Clientes.idClientes AS `Clientes__idClientes`, Clientes.username AS `Clientes__username`, Clientes.password AS `Clientes__password`, Clientes.email AS `Clientes__email`, Clientes.phone AS `Clientes__phone`, Clientes.created AS `Clientes__created`, Clientes.modified AS `Clientes__modified` FROM clientes Clientes LIMIT 20 OFFSET 0
2022-10-22 19:34:31 Debug: duration=1 rows=0 SELECT Clientes.idClientes AS `Clientes__idClientes`, Clientes.username AS `Clientes__username`, Clientes.password AS `Clientes__password`, Clientes.email AS `Clientes__email`, Clientes.phone AS `Clientes__phone`, Clientes.created AS `Clientes__created`, Clientes.modified AS `Clientes__modified` FROM clientes Clientes LIMIT 20 OFFSET 0
2022-10-22 19:34:32 Debug: duration=1 rows=0 SELECT Clientes.idClientes AS `Clientes__idClientes`, Clientes.username AS `Clientes__username`, Clientes.password AS `Clientes__password`, Clientes.email AS `Clientes__email`, Clientes.phone AS `Clientes__phone`, Clientes.created AS `Clientes__created`, Clientes.modified AS `Clientes__modified` FROM clientes Clientes LIMIT 20 OFFSET 0
2022-10-22 19:34:56 Debug: duration=0 rows=0 SELECT Clientes.idClientes AS `Clientes__idClientes`, Clientes.username AS `Clientes__username`, Clientes.password AS `Clientes__password`, Clientes.email AS `Clientes__email`, Clientes.phone AS `Clientes__phone`, Clientes.created AS `Clientes__created`, Clientes.modified AS `Clientes__modified` FROM clientes Clientes LIMIT 20 OFFSET 0
2022-10-22 19:34:57 Debug: duration=1 rows=0 SELECT Clientes.idClientes AS `Clientes__idClientes`, Clientes.username AS `Clientes__username`, Clientes.password AS `Clientes__password`, Clientes.email AS `Clientes__email`, Clientes.phone AS `Clientes__phone`, Clientes.created AS `Clientes__created`, Clientes.modified AS `Clientes__modified` FROM clientes Clientes LIMIT 20 OFFSET 0
2022-10-22 19:35:11 Debug: duration=1 rows=0 SELECT Clientes.idClientes AS `Clientes__idClientes`, Clientes.username AS `Clientes__username`, Clientes.password AS `Clientes__password`, Clientes.email AS `Clientes__email`, Clientes.phone AS `Clientes__phone`, Clientes.created AS `Clientes__created`, Clientes.modified AS `Clientes__modified` FROM clientes Clientes LIMIT 20 OFFSET 0
2022-10-22 19:36:26 Debug: duration=0 rows=0 SELECT Clientes.idClientes AS `Clientes__idClientes`, Clientes.username AS `Clientes__username`, Clientes.password AS `Clientes__password`, Clientes.email AS `Clientes__email`, Clientes.phone AS `Clientes__phone`, Clientes.created AS `Clientes__created`, Clientes.modified AS `Clientes__modified` FROM clientes Clientes LIMIT 20 OFFSET 0
2022-10-22 19:36:28 Debug: duration=1 rows=0 SELECT Clientes.idClientes AS `Clientes__idClientes`, Clientes.username AS `Clientes__username`, Clientes.password AS `Clientes__password`, Clientes.email AS `Clientes__email`, Clientes.phone AS `Clientes__phone`, Clientes.created AS `Clientes__created`, Clientes.modified AS `Clientes__modified` FROM clientes Clientes LIMIT 20 OFFSET 0
2022-10-22 19:38:11 Debug: duration=7 rows=7 SHOW FULL COLUMNS FROM `clientes`
2022-10-22 19:38:11 Debug: duration=1 rows=1 SHOW INDEXES FROM `clientes`
2022-10-22 19:38:11 Debug: duration=1 rows=0 SELECT * FROM information_schema.key_column_usage AS kcu
            INNER JOIN information_schema.referential_constraints AS rc
            ON (
                kcu.CONSTRAINT_NAME = rc.CONSTRAINT_NAME
                AND kcu.CONSTRAINT_SCHEMA = rc.CONSTRAINT_SCHEMA
            )
            WHERE kcu.TABLE_SCHEMA = 'cursoext' AND kcu.TABLE_NAME = 'clientes' AND rc.TABLE_NAME = 'clientes'
2022-10-22 19:38:11 Debug: duration=1 rows=1 SHOW TABLE STATUS WHERE Name = 'clientes'
2022-10-22 19:38:11 Debug: duration=0 rows=0 SELECT Clientes.idClientes AS `Clientes__idClientes`, Clientes.username AS `Clientes__username`, Clientes.password AS `Clientes__password`, Clientes.email AS `Clientes__email`, Clientes.phone AS `Clientes__phone`, Clientes.created AS `Clientes__created`, Clientes.modified AS `Clientes__modified` FROM clientes Clientes LIMIT 20 OFFSET 0
2022-10-22 19:38:12 Debug: duration=1 rows=0 SELECT Clientes.idClientes AS `Clientes__idClientes`, Clientes.username AS `Clientes__username`, Clientes.password AS `Clientes__password`, Clientes.email AS `Clientes__email`, Clientes.phone AS `Clientes__phone`, Clientes.created AS `Clientes__created`, Clientes.modified AS `Clientes__modified` FROM clientes Clientes LIMIT 20 OFFSET 0
2022-10-22 19:38:12 Debug: duration=0 rows=0 SELECT Clientes.idClientes AS `Clientes__idClientes`, Clientes.username AS `Clientes__username`, Clientes.password AS `Clientes__password`, Clientes.email AS `Clientes__email`, Clientes.phone AS `Clientes__phone`, Clientes.created AS `Clientes__created`, Clientes.modified AS `Clientes__modified` FROM clientes Clientes LIMIT 20 OFFSET 0
2022-10-22 19:38:13 Debug: duration=0 rows=0 SELECT Clientes.idClientes AS `Clientes__idClientes`, Clientes.username AS `Clientes__username`, Clientes.password AS `Clientes__password`, Clientes.email AS `Clientes__email`, Clientes.phone AS `Clientes__phone`, Clientes.created AS `Clientes__created`, Clientes.modified AS `Clientes__modified` FROM clientes Clientes LIMIT 20 OFFSET 0
2022-10-22 19:38:13 Debug: duration=0 rows=0 SELECT Clientes.idClientes AS `Clientes__idClientes`, Clientes.username AS `Clientes__username`, Clientes.password AS `Clientes__password`, Clientes.email AS `Clientes__email`, Clientes.phone AS `Clientes__phone`, Clientes.created AS `Clientes__created`, Clientes.modified AS `Clientes__modified` FROM clientes Clientes LIMIT 20 OFFSET 0
2022-10-22 19:38:28 Debug: duration=1 rows=0 SELECT Clientes.idClientes AS `Clientes__idClientes`, Clientes.username AS `Clientes__username`, Clientes.password AS `Clientes__password`, Clientes.email AS `Clientes__email`, Clientes.phone AS `Clientes__phone`, Clientes.created AS `Clientes__created`, Clientes.modified AS `Clientes__modified` FROM clientes Clientes LIMIT 20 OFFSET 0
2022-10-22 19:38:28 Debug: duration=1 rows=0 SELECT Clientes.idClientes AS `Clientes__idClientes`, Clientes.username AS `Clientes__username`, Clientes.password AS `Clientes__password`, Clientes.email AS `Clientes__email`, Clientes.phone AS `Clientes__phone`, Clientes.created AS `Clientes__created`, Clientes.modified AS `Clientes__modified` FROM clientes Clientes LIMIT 20 OFFSET 0
2022-10-22 19:38:29 Debug: duration=0 rows=0 SELECT Clientes.idClientes AS `Clientes__idClientes`, Clientes.username AS `Clientes__username`, Clientes.password AS `Clientes__password`, Clientes.email AS `Clientes__email`, Clientes.phone AS `Clientes__phone`, Clientes.created AS `Clientes__created`, Clientes.modified AS `Clientes__modified` FROM clientes Clientes LIMIT 20 OFFSET 0
2022-10-22 19:38:29 Debug: duration=1 rows=0 SELECT Clientes.idClientes AS `Clientes__idClientes`, Clientes.username AS `Clientes__username`, Clientes.password AS `Clientes__password`, Clientes.email AS `Clientes__email`, Clientes.phone AS `Clientes__phone`, Clientes.created AS `Clientes__created`, Clientes.modified AS `Clientes__modified` FROM clientes Clientes LIMIT 20 OFFSET 0
2022-10-22 19:39:01 Debug: duration=0 rows=0 SELECT Clientes.idClientes AS `Clientes__idClientes`, Clientes.username AS `Clientes__username`, Clientes.password AS `Clientes__password`, Clientes.email AS `Clientes__email`, Clientes.phone AS `Clientes__phone`, Clientes.created AS `Clientes__created`, Clientes.modified AS `Clientes__modified` FROM clientes Clientes LIMIT 20 OFFSET 0
2022-10-22 19:39:01 Debug: duration=0 rows=1 SELECT (COUNT(*)) AS `count` FROM clientes Clientes
2022-10-22 19:39:16 Debug: duration=0 rows=0 BEGIN
2022-10-22 19:39:16 Debug: duration=0 rows=0 SELECT 1 AS `existing` FROM clientes Clientes WHERE Clientes.username = 'Cano' LIMIT 1
2022-10-22 19:39:16 Debug: duration=0 rows=0 SELECT 1 AS `existing` FROM clientes Clientes WHERE Clientes.email = 'cano@cano.com' LIMIT 1
2022-10-22 19:39:16 Debug: duration=0 rows=1 INSERT INTO clientes (username, password, email, phone, created, modified) VALUES ('Cano', '$2y$10$Uuwl0G2X3lDqKS2aGaRF6OLCGhXC7CftCOFf0BjF42I.WDMEigede', 'cano@cano.com', '32323232', '2022-10-22 19:39:16', '2022-10-22 19:39:16')
2022-10-22 19:39:16 Debug: duration=0 rows=0 COMMIT
2022-10-22 19:39:17 Debug: duration=0 rows=1 SELECT Clientes.idClientes AS `Clientes__idClientes`, Clientes.username AS `Clientes__username`, Clientes.password AS `Clientes__password`, Clientes.email AS `Clientes__email`, Clientes.phone AS `Clientes__phone`, Clientes.created AS `Clientes__created`, Clientes.modified AS `Clientes__modified` FROM clientes Clientes LIMIT 20 OFFSET 0
2022-10-22 19:39:17 Debug: duration=0 rows=1 SELECT (COUNT(*)) AS `count` FROM clientes Clientes
